{
  "stats": {
    "suites": 1,
    "tests": 5,
    "passes": 5,
    "pending": 0,
    "failures": 0,
    "start": "2022-07-29T12:59:20.080Z",
    "end": "2022-07-29T12:59:30.049Z",
    "duration": 9969,
    "testsRegistered": 5,
    "passPercent": 100,
    "pendingPercent": 0,
    "other": 0,
    "hasOther": false,
    "skipped": 0,
    "hasSkipped": false
  },
  "results": [
    {
      "uuid": "f7bcad29-d4ab-4c11-8d1c-dbc69068d67a",
      "title": "",
      "fullFile": "cypress/integration/3-ALURAPIC/alurapic.spec.js",
      "file": "cypress/integration/3-ALURAPIC/alurapic.spec.js",
      "beforeHooks": [],
      "afterHooks": [],
      "tests": [],
      "suites": [
        {
          "uuid": "b8dec96c-91c3-4015-a3a7-8266701de5ae",
          "title": "Login e registro de usuários no alurapic",
          "fullFile": "",
          "file": "",
          "beforeHooks": [],
          "afterHooks": [],
          "tests": [
            {
              "title": "verifica mensagens de validacao",
              "fullTitle": "Login e registro de usuários no alurapic verifica mensagens de validacao",
              "timedOut": null,
              "duration": 2612,
              "state": "passed",
              "speed": "fast",
              "pass": true,
              "fail": false,
              "pending": false,
              "context": null,
              "code": "cy.contains('a', 'Register now').click();\ncy.contains('button', 'Register').click();\ncy.contains('ap-vmessage', 'Email is required').should('be.visible');\ncy.contains('button', 'Register').click();\ncy.contains('ap-vmessage', 'Full name is required').should('be.visible');\ncy.contains('ap-vmessage', 'User name is required').should('be.visible');\ncy.contains('ap-vmessage', 'Password is required').should('be.visible');",
              "err": {},
              "uuid": "2f381aaa-238e-47a1-991c-ff27d2fe9090",
              "parentUUID": "b8dec96c-91c3-4015-a3a7-8266701de5ae",
              "isHook": false,
              "skipped": false
            },
            {
              "title": "verifica mensagem de email inválido",
              "fullTitle": "Login e registro de usuários no alurapic verifica mensagem de email inválido",
              "timedOut": null,
              "duration": 1181,
              "state": "passed",
              "speed": "fast",
              "pass": true,
              "fail": false,
              "pending": false,
              "context": null,
              "code": "cy.contains('a', 'Register now').click();\ncy.get('input[formcontrolname=\"email\"]').type('jacqueline');\ncy.contains('button', 'Register').click();\ncy.contains('ap-vmessage', 'Invalid e-mail').should('be.visible');",
              "err": {},
              "uuid": "9d048c9e-5c4e-4f33-937d-e886f2b0f994",
              "parentUUID": "b8dec96c-91c3-4015-a3a7-8266701de5ae",
              "isHook": false,
              "skipped": false
            },
            {
              "title": "verifica mensagem de nome completo com menos de 2 caracteres",
              "fullTitle": "Login e registro de usuários no alurapic verifica mensagem de nome completo com menos de 2 caracteres",
              "timedOut": null,
              "duration": 1081,
              "state": "passed",
              "speed": "fast",
              "pass": true,
              "fail": false,
              "pending": false,
              "context": null,
              "code": "cy.contains('a', 'Register now').click();\ncy.get('input[formcontrolname=\"fullName\"]').type('e');\ncy.contains('button', 'Register').click();\ncy.contains('ap-vmessage', 'Mininum length is 2').should('be.visible');",
              "err": {},
              "uuid": "6651fb2d-0db2-4d23-8968-29051a8751b4",
              "parentUUID": "b8dec96c-91c3-4015-a3a7-8266701de5ae",
              "isHook": false,
              "skipped": false
            },
            {
              "title": "verifica mensagem de nome de usuário com menos de 2 caracteres ",
              "fullTitle": "Login e registro de usuários no alurapic verifica mensagem de nome de usuário com menos de 2 caracteres ",
              "timedOut": null,
              "duration": 1075,
              "state": "passed",
              "speed": "fast",
              "pass": true,
              "fail": false,
              "pending": false,
              "context": null,
              "code": "cy.contains('a', 'Register now').click();\ncy.get('input[formcontrolname=\"userName\"]').type('e');\ncy.contains('button', 'Register').click();\ncy.contains('ap-vmessage', 'Mininum length is 2').should('be.visible');",
              "err": {},
              "uuid": "3c762c9e-410c-4051-9b61-9a8940e4d6df",
              "parentUUID": "b8dec96c-91c3-4015-a3a7-8266701de5ae",
              "isHook": false,
              "skipped": false
            },
            {
              "title": "verifica mensagem de senha com menos de 8 caracteres",
              "fullTitle": "Login e registro de usuários no alurapic verifica mensagem de senha com menos de 8 caracteres",
              "timedOut": null,
              "duration": 1821,
              "state": "passed",
              "speed": "fast",
              "pass": true,
              "fail": false,
              "pending": false,
              "context": null,
              "code": "cy.contains('a', 'Register now').click();\ncy.get('input[formcontrolname=\"password\"]').type('123');\ncy.contains('button', 'Register').click();\ncy.contains('ap-vmessage', 'Mininum length is 8').should('be.visible');",
              "err": {},
              "uuid": "e36f8012-0dc4-4a4d-bc41-606981d210ee",
              "parentUUID": "b8dec96c-91c3-4015-a3a7-8266701de5ae",
              "isHook": false,
              "skipped": false
            }
          ],
          "suites": [],
          "passes": [
            "2f381aaa-238e-47a1-991c-ff27d2fe9090",
            "9d048c9e-5c4e-4f33-937d-e886f2b0f994",
            "6651fb2d-0db2-4d23-8968-29051a8751b4",
            "3c762c9e-410c-4051-9b61-9a8940e4d6df",
            "e36f8012-0dc4-4a4d-bc41-606981d210ee"
          ],
          "failures": [],
          "pending": [],
          "skipped": [],
          "duration": 7770,
          "root": false,
          "rootEmpty": false,
          "_timeout": 2000
        }
      ],
      "passes": [],
      "failures": [],
      "pending": [],
      "skipped": [],
      "duration": 0,
      "root": true,
      "rootEmpty": true,
      "_timeout": 2000
    }
  ],
  "meta": {
    "mocha": {
      "version": "7.0.1"
    },
    "mochawesome": {
      "options": {
        "quiet": false,
        "reportFilename": "mochawesome",
        "saveHtml": true,
        "saveJson": true,
        "consoleReporter": "spec",
        "useInlineDiffs": false,
        "code": true
      },
      "version": "7.1.3"
    },
    "marge": {
      "options": null,
      "version": "6.2.0"
    }
  }
}